<?xml version="1.0" encoding="UTF-8"?>
<testsuites>
    <testsuite name="CTest" tests="11" time="3.000" failures="4" errors="0" skipped="0">
        <testcase classname="projectroot" name="cppcheck" time="1.654">
            <system-out>
                Microsoft (R) Visual C++ Express Edition Version 9.0.30729.1.
                Copyright (C) Microsoft Corp 2007. All rights reserved.
                1&gt;------ Build started: Project: cppcheck, Configuration: Debug Win32 ------
                1&gt;Performing Post-Build Event...
                1&gt;-- Running cppcheck for target hellolib
                1&gt;-- Running cppcheck for target hellolib_static
                1&gt;-- Running cppcheck for target hellolib_object
                1&gt;-- Running cppcheck for target helloexe-shared
                1&gt;-- Running cppcheck for target helloexe-static
                1&gt;-- Running cppcheck for target helloexe-object
                1&gt;Build log was saved at "file://e:\foo\build-vs2008-visual\_cmake\cppcheck.dir\Debug\BuildLog.htm"
                1&gt;cppcheck - 0 error(s), 0 warning(s)
                ========== Build: 1 succeeded, 0 failed, 1 up-to-date, 0 skipped ==========
            </system-out>
        </testcase>
        <testcase classname="projectrootE_.foo.sources" name="FileSystem_testU" time="0.097">
            <system-out/>
        </testcase>
        <testcase classname="projectrootE_.foo.sources" name="Logging_testU" time="0.071">
            <system-out>-- TODO: implement a test if it possible
            </system-out>
        </testcase>
        <testcase classname="projectrootE_.foo.sources" name="MD5_testU" time="0.073">
            <system-out/>
        </testcase>
        <testcase classname="projectrootE_.foo.sources" name="ScriptWriter_testU" time="0.092">
            <failure>CMake Error at modules/testU/ScriptWriter-testU.cmake:28 (BAR_script_write_add_to_path):
                Unknown CMake command "BAR_script_write_add_to_path".


            </failure>
            <system-out>CMake Error at modules/testU/ScriptWriter-testU.cmake:28 (BAR_script_write_add_to_path):
                Unknown CMake command "BAR_script_write_add_to_path".


            </system-out>
        </testcase>
        <testcase classname="projectrootE_.foo.sources" name="String_testU" time="0.098">
            <system-out/>
        </testcase>
        <testcase classname="projectrootE_.foo.sources" name="WGET_testU_MD5_fail" time="0.076">
            <failure>-- Download of file://\\wsrvmov003\Softs\packages/BuildSystemTests/WGET-test-wrong-md5.txt failed
                with message: [37]"couldn't read a file:// file"
            </failure>
            <system-out>-- Download of file://\\wsrvmov003\Softs\packages/BuildSystemTests/WGET-test-wrong-md5.txt
                failed with message: [37]"couldn't read a file:// file"
            </system-out>
        </testcase>
        <testcase classname="projectrootE_.foo.sources" name="WGET_testU_noMD5" time="0.082">
            <failure>-- Download of file://\\wsrvmov003\Softs\packages/BuildSystemTests/WGET-test-wrong-md5.txt failed
                with message: [37]"couldn't read a file:// file"
                CMake Error at modules/Logging.cmake:121 (message):


                test BAR_wget_file succeed: result is "OFF" instead of "ON"

                Call Stack (most recent call first):
                modules/Test.cmake:74 (BAR_msg_fatal)
                modules/testU/WGET-testU-noMD5.cmake:14 (BAR_check_equal)


            </failure>
            <system-out>-- Download of file://\\wsrvmov003\Softs\packages/BuildSystemTests/WGET-test-wrong-md5.txt
                failed with message: [37]"couldn't read a file:// file"
                CMake Error at modules/Logging.cmake:121 (message):


                test BAR_wget_file succeed: result is "OFF" instead of "ON"

                Call Stack (most recent call first):
                modules/Test.cmake:74 (BAR_msg_fatal)
                modules/testU/WGET-testU-noMD5.cmake:14 (BAR_check_equal)


            </system-out>
        </testcase>
        <testcase classname="projectrootE_.foo.sources" name="WGET_testU" time="0.115">
            <failure>-- Download of file://\\wsrvmov003\Softs\packages/BuildSystemTests/WGET-test-md5.txt failed with
                message: [37]"couldn't read a file:// file"
                CMake Error at modules/Logging.cmake:121 (message):


                Test BAR_wget_file succeed: result is "OFF" instead of "ON"

                Call Stack (most recent call first):
                modules/Test.cmake:74 (BAR_msg_fatal)
                modules/testU/WGET-testU.cmake:14 (BAR_check_equal)


            </failure>
            <system-out>-- Download of file://\\wsrvmov003\Softs\packages/BuildSystemTests/WGET-test-md5.txt failed with
                message: [37]"couldn't read a file:// file"
                CMake Error at modules/Logging.cmake:121 (message):


                Test BAR_wget_file succeed: result is "OFF" instead of "ON"

                Call Stack (most recent call first):
                modules/Test.cmake:74 (BAR_msg_fatal)
                modules/testU/WGET-testU.cmake:14 (BAR_check_equal)


            </system-out>
        </testcase>
        <testcase classname="projectroot.tests" name="helloexe_shared" time="0.168">
            <system-out>Hello BAR
                Hello lib shared
                BAR version from hellolib : 2.4.2
                BAR version from helloexe : 2.4.2
            </system-out>
        </testcase>
        <testcase classname="projectroot.tests" name="helloexe_static" time="0.124">
            <system-out>Hello BAR
                Hello lib static
                BAR version from hellolib : 2.4.2
                BAR version from helloexe : 2.4.2
            </system-out>
        </testcase>
    </testsuite>
</testsuites>