<?xml version="1.0" encoding="UTF-8"?>
<testsuites name="ATM Sample" time="7.000" tests="20" failures="1" errors="0">
    <testsuite name="ATM Sample.tests.autogenerated.TestSuite_Bank_cxx_b93040ae" time="0.001" tests="4" failures="1" errors="0">
        <testcase name="test_Bank_1" classname="ATM Sample.tests.autogenerated.TestSuite_Bank_cxx_b93040ae" time="0.000" />
        <testcase name="test_getAccount_1" classname="ATM Sample.tests.autogenerated.TestSuite_Bank_cxx_b93040ae" time="0.000" />
        <testcase name="test_addAccount_1" classname="ATM Sample.tests.autogenerated.TestSuite_Bank_cxx_b93040ae" time="0.001">
            <failure type="Assertion failed" message="Assertion failed: 0==1"><![CDATA[
	at /ATM Sample/tests/autogenerated/TestSuite_Bank_cxx.cpp:57
	at /ATM Sample/tests/autogenerated/TestSuite_Bank_cxx.cpp:9
	at /ATM Sample/tests/autogenerated/TestSuite_Bank_cxx.cpp:11]]></failure>
            <failure type="Outcome" message="Outcome: Account * _return =NOT_NULL"><![CDATA[
	at /ATM Sample/tests/autogenerated/TestSuite_Bank_cxx.cpp:59]]></failure>
            <failure type="Outcome" message="Outcome: int _cpptest_TestObject.myCurrentAccountNumber=1"><![CDATA[
	at /ATM Sample/tests/autogenerated/TestSuite_Bank_cxx.cpp:60]]></failure>
        </testcase>
        <testcase name="test_x7eBank_1" classname="ATM Sample.tests.autogenerated.TestSuite_Bank_cxx_b93040ae" time="0.000" />
    </testsuite>
    <testsuite name="ATM Sample.tests.autogenerated.include.TestSuite_Account_hxx_5bfab86e" time="0.000" tests="7" failures="0" errors="0">
        <testcase name="test_setPassword_1" classname="ATM Sample.tests.autogenerated.include.TestSuite_Account_hxx_5bfab86e" time="0.000" />
        <testcase name="test_getBalance_1" classname="ATM Sample.tests.autogenerated.include.TestSuite_Account_hxx_5bfab86e" time="0.000" />
        <testcase name="test_Account_3" classname="ATM Sample.tests.autogenerated.include.TestSuite_Account_hxx_5bfab86e" time="0.000" />
        <testcase name="test_Account_1" classname="ATM Sample.tests.autogenerated.include.TestSuite_Account_hxx_5bfab86e" time="0.000" />
        <testcase name="test_getPassword_1" classname="ATM Sample.tests.autogenerated.include.TestSuite_Account_hxx_5bfab86e" time="0.000" />
        <testcase name="test_setAccountNumber_1" classname="ATM Sample.tests.autogenerated.include.TestSuite_Account_hxx_5bfab86e" time="0.000" />
        <testcase name="test_getAccountNumber_1" classname="ATM Sample.tests.autogenerated.include.TestSuite_Account_hxx_5bfab86e" time="0.000" />
    </testsuite>
    <testsuite name="ATM Sample.tests.autogenerated.include.TestSuite_BaseDisplay_hxx_858a43b6" time="0.001" tests="2" failures="0" errors="0">
        <testcase name="test_BaseDisplay_1" classname="ATM Sample.tests.autogenerated.include.TestSuite_BaseDisplay_hxx_858a43b6" time="0.000" />
        <testcase name="test_x7eBaseDisplay_1" classname="ATM Sample.tests.autogenerated.include.TestSuite_BaseDisplay_hxx_858a43b6" time="0.001" />
    </testsuite>
    <testsuite name="ATM Sample.tests.autogenerated.TestSuite_BaseDisplay_cxx_d396e574" time="0.000" tests="2" failures="0" errors="0">
        <testcase name="test_showInfoToUser_1" classname="ATM Sample.tests.autogenerated.TestSuite_BaseDisplay_cxx_d396e574" time="0.000" />
        <testcase name="test_showBalance_1" classname="ATM Sample.tests.autogenerated.TestSuite_BaseDisplay_cxx_d396e574" time="0.000" />
    </testsuite>
    <testsuite name="ATM Sample.tests.autogenerated.TestSuite_Account_cxx_61665f58" time="0.001" tests="2" failures="0" errors="0">
        <testcase name="test_debit_1" classname="ATM Sample.tests.autogenerated.TestSuite_Account_cxx_61665f58" time="0.001" />
        <testcase name="test_deposit_1" classname="ATM Sample.tests.autogenerated.TestSuite_Account_cxx_61665f58" time="0.000" />
    </testsuite>
    <testsuite name="ATM Sample.tests.autogenerated.TestSuite_ATM_cxx_5d3c8e3f" time="0.000" tests="3" failures="0" errors="0">
        <testcase name="test_ATM_1" classname="ATM Sample.tests.autogenerated.TestSuite_ATM_cxx_5d3c8e3f" time="0.000" />
        <testcase name="test_fillUserRequest_1" classname="ATM Sample.tests.autogenerated.TestSuite_ATM_cxx_5d3c8e3f" time="0.000" />
        <testcase name="test_viewAccount_1" classname="ATM Sample.tests.autogenerated.TestSuite_ATM_cxx_5d3c8e3f" time="0.000" />
    </testsuite>
</testsuites>