<?xml version="1.0" encoding="UTF-8"?>
<testsuites name="ATM" time="9.000" tests="122" failures="10" errors="0">
    <testsuite name="ATM.tests.autogenerated.include.TestSuite_Account_hxx_65a1b62c" time="0.000" tests="52" failures="2" errors="0">
        <testcase name="test_setAccountNumber_3" classname="ATM.tests.autogenerated.include.TestSuite_Account_hxx_65a1b62c" time="0.000" />
        <testcase name="test_getBalance_6" classname="ATM.tests.autogenerated.include.TestSuite_Account_hxx_65a1b62c" time="0.000" />
        <testcase name="test_setPassword_5" classname="ATM.tests.autogenerated.include.TestSuite_Account_hxx_65a1b62c" time="0.000" />
        <testcase name="test_getAccountNumber_1" classname="ATM.tests.autogenerated.include.TestSuite_Account_hxx_65a1b62c" time="0.000" />
        <testcase name="test_setAccountNumber_9" classname="ATM.tests.autogenerated.include.TestSuite_Account_hxx_65a1b62c" time="0.000" />
        <testcase name="test_getAccountNumber_7" classname="ATM.tests.autogenerated.include.TestSuite_Account_hxx_65a1b62c" time="0.000" />
        <testcase name="test_getPassword_2" classname="ATM.tests.autogenerated.include.TestSuite_Account_hxx_65a1b62c" time="0.000" />
        <testcase name="test_setAccountNumber_5" classname="ATM.tests.autogenerated.include.TestSuite_Account_hxx_65a1b62c" time="0.000" />
        <testcase name="test_Account_4" classname="ATM.tests.autogenerated.include.TestSuite_Account_hxx_65a1b62c" time="0.000" />
        <testcase name="test_setPassword_9" classname="ATM.tests.autogenerated.include.TestSuite_Account_hxx_65a1b62c" time="0.000">
            <failure type="Uncaught structured exception" message="Access violation exception [CPPTEST_ACCESS_VIOLATION]"><![CDATA[
	at /ATM/include/Account.hxx:37
	at /ATM/tests/autogenerated/include/TestSuite_Account_hxx.cpp:1097
	at /ATM/tests/autogenerated/include/TestSuite_Account_hxx.cpp:61
	at /ATM/tests/autogenerated/include/TestSuite_Account_hxx.cpp:9]]></failure>
        </testcase>
        <testcase name="test_setPassword_2" classname="ATM.tests.autogenerated.include.TestSuite_Account_hxx_65a1b62c" time="0.000" />
        <testcase name="test_getAccountNumber_5" classname="ATM.tests.autogenerated.include.TestSuite_Account_hxx_65a1b62c" time="0.000" />
        <testcase name="test_getPassword_3" classname="ATM.tests.autogenerated.include.TestSuite_Account_hxx_65a1b62c" time="0.000" />
        <testcase name="test_getAccountNumber_8" classname="ATM.tests.autogenerated.include.TestSuite_Account_hxx_65a1b62c" time="0.000" />
        <testcase name="test_getAccountNumber_2" classname="ATM.tests.autogenerated.include.TestSuite_Account_hxx_65a1b62c" time="0.000" />
        <testcase name="test_Account_9" classname="ATM.tests.autogenerated.include.TestSuite_Account_hxx_65a1b62c" time="0.000" />
        <testcase name="test_setPassword_3" classname="ATM.tests.autogenerated.include.TestSuite_Account_hxx_65a1b62c" time="0.000" />
        <testcase name="test_getBalance_4" classname="ATM.tests.autogenerated.include.TestSuite_Account_hxx_65a1b62c" time="0.000" />
        <testcase name="test_getPassword_5" classname="ATM.tests.autogenerated.include.TestSuite_Account_hxx_65a1b62c" time="0.000" />
        <testcase name="test_getBalance_7" classname="ATM.tests.autogenerated.include.TestSuite_Account_hxx_65a1b62c" time="0.000" />
        <testcase name="test_setPassword_6" classname="ATM.tests.autogenerated.include.TestSuite_Account_hxx_65a1b62c" time="0.000" />
        <testcase name="test_Account_5" classname="ATM.tests.autogenerated.include.TestSuite_Account_hxx_65a1b62c" time="0.000" />
        <testcase name="test_setPassword_7" classname="ATM.tests.autogenerated.include.TestSuite_Account_hxx_65a1b62c" time="0.000" />
        <testcase name="test_Account_3" classname="ATM.tests.autogenerated.include.TestSuite_Account_hxx_65a1b62c" time="0.000" />
        <testcase name="test_getAccountNumber_4" classname="ATM.tests.autogenerated.include.TestSuite_Account_hxx_65a1b62c" time="0.000" />
        <testcase name="test_getBalance_3" classname="ATM.tests.autogenerated.include.TestSuite_Account_hxx_65a1b62c" time="0.000" />
        <testcase name="test_getBalance_8" classname="ATM.tests.autogenerated.include.TestSuite_Account_hxx_65a1b62c" time="0.000" />
        <testcase name="test_getPassword_1" classname="ATM.tests.autogenerated.include.TestSuite_Account_hxx_65a1b62c" time="0.000" />
        <testcase name="test_setAccountNumber_6" classname="ATM.tests.autogenerated.include.TestSuite_Account_hxx_65a1b62c" time="0.000" />
        <testcase name="test_getAccountNumber_6" classname="ATM.tests.autogenerated.include.TestSuite_Account_hxx_65a1b62c" time="0.000" />
        <testcase name="test_getPassword_7" classname="ATM.tests.autogenerated.include.TestSuite_Account_hxx_65a1b62c" time="0.000" />
        <testcase name="test_setPassword_8" classname="ATM.tests.autogenerated.include.TestSuite_Account_hxx_65a1b62c" time="0.000" />
        <testcase name="test_getBalance_1" classname="ATM.tests.autogenerated.include.TestSuite_Account_hxx_65a1b62c" time="0.000" />
        <testcase name="test_setAccountNumber_8" classname="ATM.tests.autogenerated.include.TestSuite_Account_hxx_65a1b62c" time="0.000" />
        <testcase name="test_Account_7" classname="ATM.tests.autogenerated.include.TestSuite_Account_hxx_65a1b62c" time="0.000" />
        <testcase name="test_setAccountNumber_2" classname="ATM.tests.autogenerated.include.TestSuite_Account_hxx_65a1b62c" time="0.000" />
        <testcase name="test_setPassword_1" classname="ATM.tests.autogenerated.include.TestSuite_Account_hxx_65a1b62c" time="0.000" />
        <testcase name="test_setPassword_4" classname="ATM.tests.autogenerated.include.TestSuite_Account_hxx_65a1b62c" time="0.000" />
        <testcase name="test_Account_1" classname="ATM.tests.autogenerated.include.TestSuite_Account_hxx_65a1b62c" time="0.000" />
        <testcase name="test_getPassword_8" classname="ATM.tests.autogenerated.include.TestSuite_Account_hxx_65a1b62c" time="0.000" />
        <testcase name="test_setAccountNumber_4" classname="ATM.tests.autogenerated.include.TestSuite_Account_hxx_65a1b62c" time="0.000" />
        <testcase name="test_setAccountNumber_7" classname="ATM.tests.autogenerated.include.TestSuite_Account_hxx_65a1b62c" time="0.000" />
        <testcase name="test_Account_6" classname="ATM.tests.autogenerated.include.TestSuite_Account_hxx_65a1b62c" time="0.000" />
        <testcase name="test_setAccountNumber_1" classname="ATM.tests.autogenerated.include.TestSuite_Account_hxx_65a1b62c" time="0.000" />
        <testcase name="test_getBalance_2" classname="ATM.tests.autogenerated.include.TestSuite_Account_hxx_65a1b62c" time="0.000" />
        <testcase name="test_getPassword_4" classname="ATM.tests.autogenerated.include.TestSuite_Account_hxx_65a1b62c" time="0.000" />
        <testcase name="test_Account_8" classname="ATM.tests.autogenerated.include.TestSuite_Account_hxx_65a1b62c" time="0.000" />
        <testcase name="test_getAccountNumber_3" classname="ATM.tests.autogenerated.include.TestSuite_Account_hxx_65a1b62c" time="0.000" />
        <testcase name="test_getBalance_5" classname="ATM.tests.autogenerated.include.TestSuite_Account_hxx_65a1b62c" time="0.000" />
        <testcase name="test_setAccountNumber_10" classname="ATM.tests.autogenerated.include.TestSuite_Account_hxx_65a1b62c" time="0.000" />
        <testcase name="test_setPassword_10" classname="ATM.tests.autogenerated.include.TestSuite_Account_hxx_65a1b62c" time="0.000">
            <failure type="Uncaught structured exception" message="Access violation exception [CPPTEST_ACCESS_VIOLATION]"><![CDATA[
	at /ATM/include/Account.hxx:37
	at /ATM/tests/autogenerated/include/TestSuite_Account_hxx.cpp:939
	at /ATM/tests/autogenerated/include/TestSuite_Account_hxx.cpp:53
	at /ATM/tests/autogenerated/include/TestSuite_Account_hxx.cpp:9]]></failure>
        </testcase>
        <testcase name="test_getPassword_6" classname="ATM.tests.autogenerated.include.TestSuite_Account_hxx_65a1b62c" time="0.000" />
    </testsuite>
    <testsuite name="ATM.tests.autogenerated.include.TestSuite_BaseDisplay_hxx_e7444e97" time="0.000" tests="2" failures="0" errors="0">
        <testcase name="test_x7eBaseDisplay_1" classname="ATM.tests.autogenerated.include.TestSuite_BaseDisplay_hxx_e7444e97" time="0.000" />
        <testcase name="test_BaseDisplay_1" classname="ATM.tests.autogenerated.include.TestSuite_BaseDisplay_hxx_e7444e97" time="0.000" />
    </testsuite>
    <testsuite name="ATM.tests.autogenerated.TestSuite_Account_cxx_1ec0549d" time="0.000" tests="20" failures="0" errors="0">
        <testcase name="test_debit_1" classname="ATM.tests.autogenerated.TestSuite_Account_cxx_1ec0549d" time="0.000" />
        <testcase name="test_debit_5" classname="ATM.tests.autogenerated.TestSuite_Account_cxx_1ec0549d" time="0.000" />
        <testcase name="test_deposit_7" classname="ATM.tests.autogenerated.TestSuite_Account_cxx_1ec0549d" time="0.000" />
        <testcase name="test_debit_2" classname="ATM.tests.autogenerated.TestSuite_Account_cxx_1ec0549d" time="0.000" />
        <testcase name="test_deposit_2" classname="ATM.tests.autogenerated.TestSuite_Account_cxx_1ec0549d" time="0.000" />
        <testcase name="test_deposit_10" classname="ATM.tests.autogenerated.TestSuite_Account_cxx_1ec0549d" time="0.000" />
        <testcase name="test_deposit_3" classname="ATM.tests.autogenerated.TestSuite_Account_cxx_1ec0549d" time="0.000" />
        <testcase name="test_deposit_9" classname="ATM.tests.autogenerated.TestSuite_Account_cxx_1ec0549d" time="0.000" />
        <testcase name="test_debit_7" classname="ATM.tests.autogenerated.TestSuite_Account_cxx_1ec0549d" time="0.000" />
        <testcase name="test_deposit_6" classname="ATM.tests.autogenerated.TestSuite_Account_cxx_1ec0549d" time="0.000" />
        <testcase name="test_debit_3" classname="ATM.tests.autogenerated.TestSuite_Account_cxx_1ec0549d" time="0.000" />
        <testcase name="test_deposit_1" classname="ATM.tests.autogenerated.TestSuite_Account_cxx_1ec0549d" time="0.000" />
        <testcase name="test_debit_10" classname="ATM.tests.autogenerated.TestSuite_Account_cxx_1ec0549d" time="0.000" />
        <testcase name="test_debit_4" classname="ATM.tests.autogenerated.TestSuite_Account_cxx_1ec0549d" time="0.000" />
        <testcase name="test_deposit_5" classname="ATM.tests.autogenerated.TestSuite_Account_cxx_1ec0549d" time="0.000" />
        <testcase name="test_debit_9" classname="ATM.tests.autogenerated.TestSuite_Account_cxx_1ec0549d" time="0.000" />
        <testcase name="test_debit_6" classname="ATM.tests.autogenerated.TestSuite_Account_cxx_1ec0549d" time="0.000" />
        <testcase name="test_debit_8" classname="ATM.tests.autogenerated.TestSuite_Account_cxx_1ec0549d" time="0.000" />
        <testcase name="test_deposit_8" classname="ATM.tests.autogenerated.TestSuite_Account_cxx_1ec0549d" time="0.000" />
        <testcase name="test_deposit_4" classname="ATM.tests.autogenerated.TestSuite_Account_cxx_1ec0549d" time="0.000" />
    </testsuite>
    <testsuite name="ATM.tests.autogenerated.TestSuite_ATM_cxx_2c58b92b" time="0.000" tests="24" failures="8" errors="0">
        <testcase name="test_fillUserRequest_4" classname="ATM.tests.autogenerated.TestSuite_ATM_cxx_2c58b92b" time="0.000" />
        <testcase name="test_fillUserRequest_7" classname="ATM.tests.autogenerated.TestSuite_ATM_cxx_2c58b92b" time="0.000" />
        <testcase name="test_viewAccount_2" classname="ATM.tests.autogenerated.TestSuite_ATM_cxx_2c58b92b" time="0.000">
            <failure type="Uncaught structured exception" message="Access violation exception [CPPTEST_ACCESS_VIOLATION]"><![CDATA[
	at /ATM/ATM.cxx:14
	at /ATM/tests/autogenerated/TestSuite_ATM_cxx.cpp:476
	at /ATM/tests/autogenerated/TestSuite_ATM_cxx.cpp:26
	at /ATM/tests/autogenerated/TestSuite_ATM_cxx.cpp:9]]></failure>
        </testcase>
        <testcase name="test_fillUserRequest_8" classname="ATM.tests.autogenerated.TestSuite_ATM_cxx_2c58b92b" time="0.000" />
        <testcase name="test_ATM_4" classname="ATM.tests.autogenerated.TestSuite_ATM_cxx_2c58b92b" time="0.000" />
        <testcase name="test_viewAccount_8" classname="ATM.tests.autogenerated.TestSuite_ATM_cxx_2c58b92b" time="0.000">
            <failure type="Uncaught structured exception" message="Access violation exception [CPPTEST_ACCESS_VIOLATION]"><![CDATA[
	at /ATM/ATM.cxx:14
	at /ATM/tests/autogenerated/TestSuite_ATM_cxx.cpp:626
	at /ATM/tests/autogenerated/TestSuite_ATM_cxx.cpp:32
	at /ATM/tests/autogenerated/TestSuite_ATM_cxx.cpp:9]]></failure>
        </testcase>
        <testcase name="test_ATM_2" classname="ATM.tests.autogenerated.TestSuite_ATM_cxx_2c58b92b" time="0.000" />
        <testcase name="test_viewAccount_7" classname="ATM.tests.autogenerated.TestSuite_ATM_cxx_2c58b92b" time="0.000">
            <failure type="Uncaught structured exception" message="Access violation exception [CPPTEST_ACCESS_VIOLATION]"><![CDATA[
	at /ATM/Bank.cxx:18
	at /ATM/ATM.cxx:12
	at /ATM/tests/autogenerated/TestSuite_ATM_cxx.cpp:601
	at /ATM/tests/autogenerated/TestSuite_ATM_cxx.cpp:31
	at /ATM/tests/autogenerated/TestSuite_ATM_cxx.cpp:9]]></failure>
        </testcase>
        <testcase name="test_fillUserRequest_5" classname="ATM.tests.autogenerated.TestSuite_ATM_cxx_2c58b92b" time="0.000" />
        <testcase name="test_fillUserRequest_2" classname="ATM.tests.autogenerated.TestSuite_ATM_cxx_2c58b92b" time="0.000" />
        <testcase name="test_viewAccount_6" classname="ATM.tests.autogenerated.TestSuite_ATM_cxx_2c58b92b" time="0.000" />
        <testcase name="test_viewAccount_3" classname="ATM.tests.autogenerated.TestSuite_ATM_cxx_2c58b92b" time="0.000">
            <failure type="Uncaught structured exception" message="Access violation exception [CPPTEST_ACCESS_VIOLATION]"><![CDATA[
	at /ATM/ATM.cxx:14
	at /ATM/tests/autogenerated/TestSuite_ATM_cxx.cpp:501
	at /ATM/tests/autogenerated/TestSuite_ATM_cxx.cpp:27
	at /ATM/tests/autogenerated/TestSuite_ATM_cxx.cpp:9]]></failure>
        </testcase>
        <testcase name="test_fillUserRequest_3" classname="ATM.tests.autogenerated.TestSuite_ATM_cxx_2c58b92b" time="0.000" />
        <testcase name="test_fillUserRequest_9" classname="ATM.tests.autogenerated.TestSuite_ATM_cxx_2c58b92b" time="0.000" />
        <testcase name="test_viewAccount_9" classname="ATM.tests.autogenerated.TestSuite_ATM_cxx_2c58b92b" time="0.000">
            <failure type="Uncaught structured exception" message="Access violation exception [CPPTEST_ACCESS_VIOLATION]"><![CDATA[
	at /ATM/Bank.cxx:18
	at /ATM/ATM.cxx:12
	at /ATM/tests/autogenerated/TestSuite_ATM_cxx.cpp:651
	at /ATM/tests/autogenerated/TestSuite_ATM_cxx.cpp:33
	at /ATM/tests/autogenerated/TestSuite_ATM_cxx.cpp:9]]></failure>
        </testcase>
        <testcase name="test_ATM_1" classname="ATM.tests.autogenerated.TestSuite_ATM_cxx_2c58b92b" time="0.000" />
        <testcase name="test_viewAccount_5" classname="ATM.tests.autogenerated.TestSuite_ATM_cxx_2c58b92b" time="0.000">
            <failure type="Uncaught structured exception" message="Access violation exception [CPPTEST_ACCESS_VIOLATION]"><![CDATA[
	at /ATM/Bank.cxx:18
	at /ATM/ATM.cxx:12
	at /ATM/tests/autogenerated/TestSuite_ATM_cxx.cpp:551
	at /ATM/tests/autogenerated/TestSuite_ATM_cxx.cpp:29
	at /ATM/tests/autogenerated/TestSuite_ATM_cxx.cpp:9]]></failure>
        </testcase>
        <testcase name="test_viewAccount_1" classname="ATM.tests.autogenerated.TestSuite_ATM_cxx_2c58b92b" time="0.000">
            <failure type="Uncaught structured exception" message="Access violation exception [CPPTEST_ACCESS_VIOLATION]"><![CDATA[
	at /ATM/Bank.cxx:18
	at /ATM/ATM.cxx:12
	at /ATM/tests/autogenerated/TestSuite_ATM_cxx.cpp:425
	at /ATM/tests/autogenerated/TestSuite_ATM_cxx.cpp:24
	at /ATM/tests/autogenerated/TestSuite_ATM_cxx.cpp:9]]></failure>
        </testcase>
        <testcase name="test_ATM_3" classname="ATM.tests.autogenerated.TestSuite_ATM_cxx_2c58b92b" time="0.000" />
        <testcase name="test_fillUserRequest_10" classname="ATM.tests.autogenerated.TestSuite_ATM_cxx_2c58b92b" time="0.000" />
        <testcase name="test_fillUserRequest_1" classname="ATM.tests.autogenerated.TestSuite_ATM_cxx_2c58b92b" time="0.000" />
        <testcase name="test_viewAccount_10" classname="ATM.tests.autogenerated.TestSuite_ATM_cxx_2c58b92b" time="0.000" />
        <testcase name="test_fillUserRequest_6" classname="ATM.tests.autogenerated.TestSuite_ATM_cxx_2c58b92b" time="0.000" />
        <testcase name="test_viewAccount_4" classname="ATM.tests.autogenerated.TestSuite_ATM_cxx_2c58b92b" time="0.000">
            <failure type="Uncaught structured exception" message="Access violation exception [CPPTEST_ACCESS_VIOLATION]"><![CDATA[
	at /ATM/ATM.cxx:14
	at /ATM/tests/autogenerated/TestSuite_ATM_cxx.cpp:526
	at /ATM/tests/autogenerated/TestSuite_ATM_cxx.cpp:28
	at /ATM/tests/autogenerated/TestSuite_ATM_cxx.cpp:9]]></failure>
        </testcase>
    </testsuite>
    <testsuite name="ATM.tests.autogenerated.TestSuite_Bank_cxx_9ae1ea36" time="0.000" tests="13" failures="0" errors="0">
        <testcase name="test_getAccount_9" classname="ATM.tests.autogenerated.TestSuite_Bank_cxx_9ae1ea36" time="0.000" />
        <testcase name="test_x7eBank_1" classname="ATM.tests.autogenerated.TestSuite_Bank_cxx_9ae1ea36" time="0.000" />
        <testcase name="test_addAccount_1" classname="ATM.tests.autogenerated.TestSuite_Bank_cxx_9ae1ea36" time="0.000" />
        <testcase name="test_Bank_1" classname="ATM.tests.autogenerated.TestSuite_Bank_cxx_9ae1ea36" time="0.000" />
        <testcase name="test_getAccount_2" classname="ATM.tests.autogenerated.TestSuite_Bank_cxx_9ae1ea36" time="0.000" />
        <testcase name="test_getAccount_10" classname="ATM.tests.autogenerated.TestSuite_Bank_cxx_9ae1ea36" time="0.000" />
        <testcase name="test_getAccount_6" classname="ATM.tests.autogenerated.TestSuite_Bank_cxx_9ae1ea36" time="0.000" />
        <testcase name="test_getAccount_4" classname="ATM.tests.autogenerated.TestSuite_Bank_cxx_9ae1ea36" time="0.000" />
        <testcase name="test_getAccount_7" classname="ATM.tests.autogenerated.TestSuite_Bank_cxx_9ae1ea36" time="0.000" />
        <testcase name="test_getAccount_8" classname="ATM.tests.autogenerated.TestSuite_Bank_cxx_9ae1ea36" time="0.000" />
        <testcase name="test_getAccount_1" classname="ATM.tests.autogenerated.TestSuite_Bank_cxx_9ae1ea36" time="0.000" />
        <testcase name="test_getAccount_3" classname="ATM.tests.autogenerated.TestSuite_Bank_cxx_9ae1ea36" time="0.000" />
        <testcase name="test_getAccount_5" classname="ATM.tests.autogenerated.TestSuite_Bank_cxx_9ae1ea36" time="0.000" />
    </testsuite>
    <testsuite name="ATM.tests.autogenerated.TestSuite_BaseDisplay_cxx_90b94c01" time="0.000" tests="11" failures="0" errors="0">
        <testcase name="test_showBalance_2" classname="ATM.tests.autogenerated.TestSuite_BaseDisplay_cxx_90b94c01" time="0.000" />
        <testcase name="test_showBalance_5" classname="ATM.tests.autogenerated.TestSuite_BaseDisplay_cxx_90b94c01" time="0.000" />
        <testcase name="test_showInfoToUser_2" classname="ATM.tests.autogenerated.TestSuite_BaseDisplay_cxx_90b94c01" time="0.000" />
        <testcase name="test_showBalance_7" classname="ATM.tests.autogenerated.TestSuite_BaseDisplay_cxx_90b94c01" time="0.000" />
        <testcase name="test_showBalance_3" classname="ATM.tests.autogenerated.TestSuite_BaseDisplay_cxx_90b94c01" time="0.000" />
        <testcase name="test_showBalance_1" classname="ATM.tests.autogenerated.TestSuite_BaseDisplay_cxx_90b94c01" time="0.000" />
        <testcase name="test_showInfoToUser_3" classname="ATM.tests.autogenerated.TestSuite_BaseDisplay_cxx_90b94c01" time="0.000" />
        <testcase name="test_showBalance_4" classname="ATM.tests.autogenerated.TestSuite_BaseDisplay_cxx_90b94c01" time="0.000" />
        <testcase name="test_showInfoToUser_1" classname="ATM.tests.autogenerated.TestSuite_BaseDisplay_cxx_90b94c01" time="0.000" />
        <testcase name="test_showInfoToUser_4" classname="ATM.tests.autogenerated.TestSuite_BaseDisplay_cxx_90b94c01" time="0.000" />
        <testcase name="test_showBalance_6" classname="ATM.tests.autogenerated.TestSuite_BaseDisplay_cxx_90b94c01" time="0.000" />
    </testsuite>
</testsuites>

